
*** Running vivado
    with args -log TOP_LEVEL.vds -m64 -product Vivado -mode batch -messageDb vivado.pb -notrace -source TOP_LEVEL.tcl



****** Vivado v2021.2 (64-bit)
  **** SW Build 3367213 on Tue Oct 19 02:48:09 MDT 2021
  **** IP Build 3369179 on Thu Oct 21 08:25:16 MDT 2021
    ** Copyright 1986-2021 Xilinx, Inc. All Rights Reserved.

source TOP_LEVEL.tcl -notrace
create_project: Time (s): cpu = 00:00:11 ; elapsed = 00:00:11 . Memory (MB): peak = 1253.895 ; gain = 23.883
Command: read_checkpoint -auto_incremental -incremental C:/Xilinx/PROJECTS/PWM/PWM.srcs/utils_1/imports/synth_1/TOP_LEVEL.dcp
INFO: [Vivado 12-5825] Read reference checkpoint from C:/Xilinx/PROJECTS/PWM/PWM.srcs/utils_1/imports/synth_1/TOP_LEVEL.dcp for incremental synthesis
INFO: [Vivado 12-7989] Please ensure there are no constraint changes
Command: synth_design -top TOP_LEVEL -part xc7a35tcpg236-1
Starting synth_design
Attempting to get a license for feature 'Synthesis' and/or device 'xc7a35t'
INFO: [Common 17-349] Got license for feature 'Synthesis' and/or device 'xc7a35t'
INFO: [Device 21-403] Loading part xc7a35tcpg236-1
WARNING: [Designutils 20-4072] Reference run did not run incremental synthesis because the design is too small; reverting to default synthesis
INFO: [Designutils 20-4379] Flow is switching to default flow due to incremental criteria not met. If you would like to alter this behaviour and have the flow terminate instead, please set the following parameter config_implementation {autoIncr.Synth.RejectBehavior Terminate}
INFO: [Synth 8-7079] Multithreading enabled for synth_design using a maximum of 2 processes.
INFO: [Synth 8-7078] Launching helper process for spawning children vivado processes
INFO: [Synth 8-7075] Helper process launched with PID 15188
---------------------------------------------------------------------------------
Starting RTL Elaboration : Time (s): cpu = 00:00:11 ; elapsed = 00:00:13 . Memory (MB): peak = 1253.895 ; gain = 0.000
---------------------------------------------------------------------------------
INFO: [Synth 8-638] synthesizing module 'TOP_LEVEL' [C:/Xilinx/PROJECTS/PWM/PWM.srcs/sources_1/new/TOP_LEVEL.vhd:45]
INFO: [Synth 8-3491] module 'DMUX_1_4' declared at 'C:/Xilinx/PROJECTS/PWM/PWM.srcs/sources_1/new/DMUX_1_4.vhd:34' bound to instance 'label1' of component 'DMUX_1_4' [C:/Xilinx/PROJECTS/PWM/PWM.srcs/sources_1/new/TOP_LEVEL.vhd:98]
INFO: [Synth 8-638] synthesizing module 'DMUX_1_4' [C:/Xilinx/PROJECTS/PWM/PWM.srcs/sources_1/new/DMUX_1_4.vhd:39]
INFO: [Synth 8-226] default block is never used [C:/Xilinx/PROJECTS/PWM/PWM.srcs/sources_1/new/DMUX_1_4.vhd:45]
INFO: [Synth 8-256] done synthesizing module 'DMUX_1_4' (1#1) [C:/Xilinx/PROJECTS/PWM/PWM.srcs/sources_1/new/DMUX_1_4.vhd:39]
INFO: [Synth 8-3491] module 'Integer_Converter' declared at 'C:/Xilinx/PROJECTS/PWM/PWM.srcs/sources_1/new/Integer_Converter.vhd:31' bound to instance 'label2' of component 'Integer_Converter' [C:/Xilinx/PROJECTS/PWM/PWM.srcs/sources_1/new/TOP_LEVEL.vhd:99]
INFO: [Synth 8-638] synthesizing module 'Integer_Converter' [C:/Xilinx/PROJECTS/PWM/PWM.srcs/sources_1/new/Integer_Converter.vhd:36]
INFO: [Synth 8-256] done synthesizing module 'Integer_Converter' (2#1) [C:/Xilinx/PROJECTS/PWM/PWM.srcs/sources_1/new/Integer_Converter.vhd:36]
INFO: [Synth 8-3491] module 'Time_Converter' declared at 'C:/Xilinx/PROJECTS/PWM/PWM.srcs/sources_1/new/Decoder.vhd:34' bound to instance 'label3' of component 'Time_Converter' [C:/Xilinx/PROJECTS/PWM/PWM.srcs/sources_1/new/TOP_LEVEL.vhd:100]
INFO: [Synth 8-638] synthesizing module 'Time_Converter' [C:/Xilinx/PROJECTS/PWM/PWM.srcs/sources_1/new/Decoder.vhd:39]
INFO: [Synth 8-256] done synthesizing module 'Time_Converter' (3#1) [C:/Xilinx/PROJECTS/PWM/PWM.srcs/sources_1/new/Decoder.vhd:39]
INFO: [Synth 8-3491] module 'Counter' declared at 'C:/Xilinx/PROJECTS/PWM/PWM.srcs/sources_1/new/Counter.vhd:34' bound to instance 'label4' of component 'Counter' [C:/Xilinx/PROJECTS/PWM/PWM.srcs/sources_1/new/TOP_LEVEL.vhd:101]
INFO: [Synth 8-638] synthesizing module 'Counter' [C:/Xilinx/PROJECTS/PWM/PWM.srcs/sources_1/new/Counter.vhd:40]
INFO: [Synth 8-256] done synthesizing module 'Counter' (4#1) [C:/Xilinx/PROJECTS/PWM/PWM.srcs/sources_1/new/Counter.vhd:40]
INFO: [Synth 8-3491] module 'MUX_2_1' declared at 'C:/Xilinx/PROJECTS/PWM/PWM.srcs/sources_1/new/MUX_2_1.vhd:34' bound to instance 'label5' of component 'MUX_2_1' [C:/Xilinx/PROJECTS/PWM/PWM.srcs/sources_1/new/TOP_LEVEL.vhd:102]
INFO: [Synth 8-638] synthesizing module 'MUX_2_1' [C:/Xilinx/PROJECTS/PWM/PWM.srcs/sources_1/new/MUX_2_1.vhd:40]
INFO: [Synth 8-256] done synthesizing module 'MUX_2_1' (5#1) [C:/Xilinx/PROJECTS/PWM/PWM.srcs/sources_1/new/MUX_2_1.vhd:40]
INFO: [Synth 8-3491] module 'PWM_Generator' declared at 'C:/Xilinx/PROJECTS/PWM/PWM.srcs/sources_1/new/PWM_Generator.vhd:33' bound to instance 'label6' of component 'PWM_Generator' [C:/Xilinx/PROJECTS/PWM/PWM.srcs/sources_1/new/TOP_LEVEL.vhd:103]
INFO: [Synth 8-638] synthesizing module 'PWM_Generator' [C:/Xilinx/PROJECTS/PWM/PWM.srcs/sources_1/new/PWM_Generator.vhd:40]
	Parameter max_val bound to: 255 - type: integer 
INFO: [Synth 8-3491] module 'Test_Counter' declared at 'C:/Xilinx/PROJECTS/PWM/PWM.srcs/sources_1/new/Test_Counter.vhd:34' bound to instance 'label1_1' of component 'Test_Counter' [C:/Xilinx/PROJECTS/PWM/PWM.srcs/sources_1/new/PWM_Generator.vhd:91]
INFO: [Synth 8-638] synthesizing module 'Test_Counter' [C:/Xilinx/PROJECTS/PWM/PWM.srcs/sources_1/new/Test_Counter.vhd:40]
WARNING: [Synth 8-614] signal 'duty_cycle' is read in the process but is not in the sensitivity list [C:/Xilinx/PROJECTS/PWM/PWM.srcs/sources_1/new/Test_Counter.vhd:47]
INFO: [Synth 8-256] done synthesizing module 'Test_Counter' (6#1) [C:/Xilinx/PROJECTS/PWM/PWM.srcs/sources_1/new/Test_Counter.vhd:40]
INFO: [Synth 8-3491] module 'Test_Counter' declared at 'C:/Xilinx/PROJECTS/PWM/PWM.srcs/sources_1/new/Test_Counter.vhd:34' bound to instance 'label1_2' of component 'Test_Counter' [C:/Xilinx/PROJECTS/PWM/PWM.srcs/sources_1/new/PWM_Generator.vhd:92]
INFO: [Synth 8-3491] module 'Test_Counter' declared at 'C:/Xilinx/PROJECTS/PWM/PWM.srcs/sources_1/new/Test_Counter.vhd:34' bound to instance 'label1_3' of component 'Test_Counter' [C:/Xilinx/PROJECTS/PWM/PWM.srcs/sources_1/new/PWM_Generator.vhd:93]
INFO: [Synth 8-3491] module 'Test_Counter' declared at 'C:/Xilinx/PROJECTS/PWM/PWM.srcs/sources_1/new/Test_Counter.vhd:34' bound to instance 'label1_4' of component 'Test_Counter' [C:/Xilinx/PROJECTS/PWM/PWM.srcs/sources_1/new/PWM_Generator.vhd:94]
INFO: [Synth 8-3491] module 'Test_Counter' declared at 'C:/Xilinx/PROJECTS/PWM/PWM.srcs/sources_1/new/Test_Counter.vhd:34' bound to instance 'label1_5' of component 'Test_Counter' [C:/Xilinx/PROJECTS/PWM/PWM.srcs/sources_1/new/PWM_Generator.vhd:95]
INFO: [Synth 8-3491] module 'Test_Counter' declared at 'C:/Xilinx/PROJECTS/PWM/PWM.srcs/sources_1/new/Test_Counter.vhd:34' bound to instance 'label1_6' of component 'Test_Counter' [C:/Xilinx/PROJECTS/PWM/PWM.srcs/sources_1/new/PWM_Generator.vhd:96]
INFO: [Synth 8-3491] module 'Test_Counter' declared at 'C:/Xilinx/PROJECTS/PWM/PWM.srcs/sources_1/new/Test_Counter.vhd:34' bound to instance 'label1_7' of component 'Test_Counter' [C:/Xilinx/PROJECTS/PWM/PWM.srcs/sources_1/new/PWM_Generator.vhd:97]
INFO: [Synth 8-3491] module 'Test_Counter' declared at 'C:/Xilinx/PROJECTS/PWM/PWM.srcs/sources_1/new/Test_Counter.vhd:34' bound to instance 'label1_8' of component 'Test_Counter' [C:/Xilinx/PROJECTS/PWM/PWM.srcs/sources_1/new/PWM_Generator.vhd:98]
INFO: [Synth 8-3491] module 'Test_Counter' declared at 'C:/Xilinx/PROJECTS/PWM/PWM.srcs/sources_1/new/Test_Counter.vhd:34' bound to instance 'label1_9' of component 'Test_Counter' [C:/Xilinx/PROJECTS/PWM/PWM.srcs/sources_1/new/PWM_Generator.vhd:99]
INFO: [Synth 8-3491] module 'Test_Counter' declared at 'C:/Xilinx/PROJECTS/PWM/PWM.srcs/sources_1/new/Test_Counter.vhd:34' bound to instance 'label1_10' of component 'Test_Counter' [C:/Xilinx/PROJECTS/PWM/PWM.srcs/sources_1/new/PWM_Generator.vhd:100]
INFO: [Synth 8-3491] module 'Test_Counter' declared at 'C:/Xilinx/PROJECTS/PWM/PWM.srcs/sources_1/new/Test_Counter.vhd:34' bound to instance 'label1_11' of component 'Test_Counter' [C:/Xilinx/PROJECTS/PWM/PWM.srcs/sources_1/new/PWM_Generator.vhd:101]
INFO: [Synth 8-3491] module 'Test_Counter' declared at 'C:/Xilinx/PROJECTS/PWM/PWM.srcs/sources_1/new/Test_Counter.vhd:34' bound to instance 'label1_12' of component 'Test_Counter' [C:/Xilinx/PROJECTS/PWM/PWM.srcs/sources_1/new/PWM_Generator.vhd:102]
INFO: [Synth 8-3491] module 'Test_Counter' declared at 'C:/Xilinx/PROJECTS/PWM/PWM.srcs/sources_1/new/Test_Counter.vhd:34' bound to instance 'label1_13' of component 'Test_Counter' [C:/Xilinx/PROJECTS/PWM/PWM.srcs/sources_1/new/PWM_Generator.vhd:103]
INFO: [Synth 8-3491] module 'Test_Counter' declared at 'C:/Xilinx/PROJECTS/PWM/PWM.srcs/sources_1/new/Test_Counter.vhd:34' bound to instance 'label1_14' of component 'Test_Counter' [C:/Xilinx/PROJECTS/PWM/PWM.srcs/sources_1/new/PWM_Generator.vhd:104]
INFO: [Synth 8-3491] module 'Test_Counter' declared at 'C:/Xilinx/PROJECTS/PWM/PWM.srcs/sources_1/new/Test_Counter.vhd:34' bound to instance 'label1_15' of component 'Test_Counter' [C:/Xilinx/PROJECTS/PWM/PWM.srcs/sources_1/new/PWM_Generator.vhd:105]
INFO: [Synth 8-3491] module 'Test_Counter' declared at 'C:/Xilinx/PROJECTS/PWM/PWM.srcs/sources_1/new/Test_Counter.vhd:34' bound to instance 'label1_16' of component 'Test_Counter' [C:/Xilinx/PROJECTS/PWM/PWM.srcs/sources_1/new/PWM_Generator.vhd:106]
INFO: [Synth 8-3491] module 'LED_MUX' declared at 'C:/Xilinx/PROJECTS/PWM/PWM.srcs/sources_1/new/LED_MUX.vhd:34' bound to instance 'label2_1' of component 'LED_MUX' [C:/Xilinx/PROJECTS/PWM/PWM.srcs/sources_1/new/PWM_Generator.vhd:118]
INFO: [Synth 8-638] synthesizing module 'LED_MUX' [C:/Xilinx/PROJECTS/PWM/PWM.srcs/sources_1/new/LED_MUX.vhd:39]
INFO: [Synth 8-256] done synthesizing module 'LED_MUX' (7#1) [C:/Xilinx/PROJECTS/PWM/PWM.srcs/sources_1/new/LED_MUX.vhd:39]
INFO: [Synth 8-3491] module 'LED_MUX' declared at 'C:/Xilinx/PROJECTS/PWM/PWM.srcs/sources_1/new/LED_MUX.vhd:34' bound to instance 'label2_2' of component 'LED_MUX' [C:/Xilinx/PROJECTS/PWM/PWM.srcs/sources_1/new/PWM_Generator.vhd:119]
INFO: [Synth 8-3491] module 'LED_MUX' declared at 'C:/Xilinx/PROJECTS/PWM/PWM.srcs/sources_1/new/LED_MUX.vhd:34' bound to instance 'label2_3' of component 'LED_MUX' [C:/Xilinx/PROJECTS/PWM/PWM.srcs/sources_1/new/PWM_Generator.vhd:120]
INFO: [Synth 8-3491] module 'LED_MUX' declared at 'C:/Xilinx/PROJECTS/PWM/PWM.srcs/sources_1/new/LED_MUX.vhd:34' bound to instance 'label2_4' of component 'LED_MUX' [C:/Xilinx/PROJECTS/PWM/PWM.srcs/sources_1/new/PWM_Generator.vhd:121]
INFO: [Synth 8-3491] module 'LED_MUX' declared at 'C:/Xilinx/PROJECTS/PWM/PWM.srcs/sources_1/new/LED_MUX.vhd:34' bound to instance 'label2_5' of component 'LED_MUX' [C:/Xilinx/PROJECTS/PWM/PWM.srcs/sources_1/new/PWM_Generator.vhd:122]
INFO: [Synth 8-3491] module 'LED_MUX' declared at 'C:/Xilinx/PROJECTS/PWM/PWM.srcs/sources_1/new/LED_MUX.vhd:34' bound to instance 'label2_6' of component 'LED_MUX' [C:/Xilinx/PROJECTS/PWM/PWM.srcs/sources_1/new/PWM_Generator.vhd:123]
INFO: [Synth 8-3491] module 'LED_MUX' declared at 'C:/Xilinx/PROJECTS/PWM/PWM.srcs/sources_1/new/LED_MUX.vhd:34' bound to instance 'label2_7' of component 'LED_MUX' [C:/Xilinx/PROJECTS/PWM/PWM.srcs/sources_1/new/PWM_Generator.vhd:124]
INFO: [Synth 8-3491] module 'LED_MUX' declared at 'C:/Xilinx/PROJECTS/PWM/PWM.srcs/sources_1/new/LED_MUX.vhd:34' bound to instance 'label2_8' of component 'LED_MUX' [C:/Xilinx/PROJECTS/PWM/PWM.srcs/sources_1/new/PWM_Generator.vhd:125]
INFO: [Synth 8-3491] module 'LED_MUX' declared at 'C:/Xilinx/PROJECTS/PWM/PWM.srcs/sources_1/new/LED_MUX.vhd:34' bound to instance 'label2_9' of component 'LED_MUX' [C:/Xilinx/PROJECTS/PWM/PWM.srcs/sources_1/new/PWM_Generator.vhd:126]
INFO: [Synth 8-3491] module 'LED_MUX' declared at 'C:/Xilinx/PROJECTS/PWM/PWM.srcs/sources_1/new/LED_MUX.vhd:34' bound to instance 'label2_10' of component 'LED_MUX' [C:/Xilinx/PROJECTS/PWM/PWM.srcs/sources_1/new/PWM_Generator.vhd:127]
INFO: [Synth 8-3491] module 'LED_MUX' declared at 'C:/Xilinx/PROJECTS/PWM/PWM.srcs/sources_1/new/LED_MUX.vhd:34' bound to instance 'label2_11' of component 'LED_MUX' [C:/Xilinx/PROJECTS/PWM/PWM.srcs/sources_1/new/PWM_Generator.vhd:128]
INFO: [Synth 8-3491] module 'LED_MUX' declared at 'C:/Xilinx/PROJECTS/PWM/PWM.srcs/sources_1/new/LED_MUX.vhd:34' bound to instance 'label2_12' of component 'LED_MUX' [C:/Xilinx/PROJECTS/PWM/PWM.srcs/sources_1/new/PWM_Generator.vhd:129]
INFO: [Synth 8-3491] module 'LED_MUX' declared at 'C:/Xilinx/PROJECTS/PWM/PWM.srcs/sources_1/new/LED_MUX.vhd:34' bound to instance 'label2_13' of component 'LED_MUX' [C:/Xilinx/PROJECTS/PWM/PWM.srcs/sources_1/new/PWM_Generator.vhd:130]
INFO: [Synth 8-3491] module 'LED_MUX' declared at 'C:/Xilinx/PROJECTS/PWM/PWM.srcs/sources_1/new/LED_MUX.vhd:34' bound to instance 'label2_14' of component 'LED_MUX' [C:/Xilinx/PROJECTS/PWM/PWM.srcs/sources_1/new/PWM_Generator.vhd:131]
INFO: [Synth 8-3491] module 'LED_MUX' declared at 'C:/Xilinx/PROJECTS/PWM/PWM.srcs/sources_1/new/LED_MUX.vhd:34' bound to instance 'label2_15' of component 'LED_MUX' [C:/Xilinx/PROJECTS/PWM/PWM.srcs/sources_1/new/PWM_Generator.vhd:132]
INFO: [Synth 8-3491] module 'LED_MUX' declared at 'C:/Xilinx/PROJECTS/PWM/PWM.srcs/sources_1/new/LED_MUX.vhd:34' bound to instance 'label2_16' of component 'LED_MUX' [C:/Xilinx/PROJECTS/PWM/PWM.srcs/sources_1/new/PWM_Generator.vhd:133]
WARNING: [Synth 8-614] signal 'LED_On1' is read in the process but is not in the sensitivity list [C:/Xilinx/PROJECTS/PWM/PWM.srcs/sources_1/new/PWM_Generator.vhd:135]
WARNING: [Synth 8-614] signal 'LED_On2' is read in the process but is not in the sensitivity list [C:/Xilinx/PROJECTS/PWM/PWM.srcs/sources_1/new/PWM_Generator.vhd:135]
WARNING: [Synth 8-614] signal 'LED_On3' is read in the process but is not in the sensitivity list [C:/Xilinx/PROJECTS/PWM/PWM.srcs/sources_1/new/PWM_Generator.vhd:135]
WARNING: [Synth 8-614] signal 'LED_On4' is read in the process but is not in the sensitivity list [C:/Xilinx/PROJECTS/PWM/PWM.srcs/sources_1/new/PWM_Generator.vhd:135]
WARNING: [Synth 8-614] signal 'LED_On5' is read in the process but is not in the sensitivity list [C:/Xilinx/PROJECTS/PWM/PWM.srcs/sources_1/new/PWM_Generator.vhd:135]
WARNING: [Synth 8-614] signal 'LED_On6' is read in the process but is not in the sensitivity list [C:/Xilinx/PROJECTS/PWM/PWM.srcs/sources_1/new/PWM_Generator.vhd:135]
WARNING: [Synth 8-614] signal 'LED_On7' is read in the process but is not in the sensitivity list [C:/Xilinx/PROJECTS/PWM/PWM.srcs/sources_1/new/PWM_Generator.vhd:135]
WARNING: [Synth 8-614] signal 'LED_On8' is read in the process but is not in the sensitivity list [C:/Xilinx/PROJECTS/PWM/PWM.srcs/sources_1/new/PWM_Generator.vhd:135]
WARNING: [Synth 8-614] signal 'LED_On9' is read in the process but is not in the sensitivity list [C:/Xilinx/PROJECTS/PWM/PWM.srcs/sources_1/new/PWM_Generator.vhd:135]
WARNING: [Synth 8-614] signal 'LED_On10' is read in the process but is not in the sensitivity list [C:/Xilinx/PROJECTS/PWM/PWM.srcs/sources_1/new/PWM_Generator.vhd:135]
WARNING: [Synth 8-614] signal 'LED_On11' is read in the process but is not in the sensitivity list [C:/Xilinx/PROJECTS/PWM/PWM.srcs/sources_1/new/PWM_Generator.vhd:135]
WARNING: [Synth 8-614] signal 'LED_On12' is read in the process but is not in the sensitivity list [C:/Xilinx/PROJECTS/PWM/PWM.srcs/sources_1/new/PWM_Generator.vhd:135]
WARNING: [Synth 8-614] signal 'LED_On13' is read in the process but is not in the sensitivity list [C:/Xilinx/PROJECTS/PWM/PWM.srcs/sources_1/new/PWM_Generator.vhd:135]
WARNING: [Synth 8-614] signal 'LED_On14' is read in the process but is not in the sensitivity list [C:/Xilinx/PROJECTS/PWM/PWM.srcs/sources_1/new/PWM_Generator.vhd:135]
WARNING: [Synth 8-614] signal 'LED_On15' is read in the process but is not in the sensitivity list [C:/Xilinx/PROJECTS/PWM/PWM.srcs/sources_1/new/PWM_Generator.vhd:135]
WARNING: [Synth 8-614] signal 'LED_On16' is read in the process but is not in the sensitivity list [C:/Xilinx/PROJECTS/PWM/PWM.srcs/sources_1/new/PWM_Generator.vhd:135]
WARNING: [Synth 8-614] signal 'count' is read in the process but is not in the sensitivity list [C:/Xilinx/PROJECTS/PWM/PWM.srcs/sources_1/new/PWM_Generator.vhd:135]
INFO: [Synth 8-256] done synthesizing module 'PWM_Generator' (8#1) [C:/Xilinx/PROJECTS/PWM/PWM.srcs/sources_1/new/PWM_Generator.vhd:40]
INFO: [Synth 8-3491] module 'Seven_Segment_Generator' declared at 'C:/Xilinx/PROJECTS/PWM/PWM.srcs/sources_1/new/7_Segment_Generator.vhd:36' bound to instance 'label7' of component 'Seven_Segment_Generator' [C:/Xilinx/PROJECTS/PWM/PWM.srcs/sources_1/new/TOP_LEVEL.vhd:104]
INFO: [Synth 8-638] synthesizing module 'Seven_Segment_Generator' [C:/Xilinx/PROJECTS/PWM/PWM.srcs/sources_1/new/7_Segment_Generator.vhd:45]
INFO: [Synth 8-3491] module 'Seven_Segment_Counter' declared at 'C:/Xilinx/PROJECTS/PWM/PWM.srcs/sources_1/new/Seven_Segment_Counter.vhd:34' bound to instance 'Two_Second_Counter' of component 'Seven_Segment_Counter' [C:/Xilinx/PROJECTS/PWM/PWM.srcs/sources_1/new/7_Segment_Generator.vhd:89]
INFO: [Synth 8-638] synthesizing module 'Seven_Segment_Counter' [C:/Xilinx/PROJECTS/PWM/PWM.srcs/sources_1/new/Seven_Segment_Counter.vhd:39]
INFO: [Synth 8-256] done synthesizing module 'Seven_Segment_Counter' (9#1) [C:/Xilinx/PROJECTS/PWM/PWM.srcs/sources_1/new/Seven_Segment_Counter.vhd:39]
WARNING: [Synth 8-614] signal 'word_number' is read in the process but is not in the sensitivity list [C:/Xilinx/PROJECTS/PWM/PWM.srcs/sources_1/new/7_Segment_Generator.vhd:155]
INFO: [Synth 8-226] default block is never used [C:/Xilinx/PROJECTS/PWM/PWM.srcs/sources_1/new/7_Segment_Generator.vhd:177]
INFO: [Synth 8-226] default block is never used [C:/Xilinx/PROJECTS/PWM/PWM.srcs/sources_1/new/7_Segment_Generator.vhd:192]
INFO: [Synth 8-256] done synthesizing module 'Seven_Segment_Generator' (10#1) [C:/Xilinx/PROJECTS/PWM/PWM.srcs/sources_1/new/7_Segment_Generator.vhd:45]
INFO: [Synth 8-256] done synthesizing module 'TOP_LEVEL' (11#1) [C:/Xilinx/PROJECTS/PWM/PWM.srcs/sources_1/new/TOP_LEVEL.vhd:45]
---------------------------------------------------------------------------------
Finished RTL Elaboration : Time (s): cpu = 00:00:14 ; elapsed = 00:00:16 . Memory (MB): peak = 1253.895 ; gain = 0.000
---------------------------------------------------------------------------------
---------------------------------------------------------------------------------
Start Handling Custom Attributes
---------------------------------------------------------------------------------
---------------------------------------------------------------------------------
Finished Handling Custom Attributes : Time (s): cpu = 00:00:15 ; elapsed = 00:00:17 . Memory (MB): peak = 1253.895 ; gain = 0.000
---------------------------------------------------------------------------------
---------------------------------------------------------------------------------
Finished RTL Optimization Phase 1 : Time (s): cpu = 00:00:15 ; elapsed = 00:00:17 . Memory (MB): peak = 1253.895 ; gain = 0.000
---------------------------------------------------------------------------------
Netlist sorting complete. Time (s): cpu = 00:00:00 ; elapsed = 00:00:00.111 . Memory (MB): peak = 1253.895 ; gain = 0.000
INFO: [Project 1-570] Preparing netlist for logic optimization

Processing XDC Constraints
Initializing timing engine
Parsing XDC File [C:/Xilinx/PROJECTS/PWM/PWM.srcs/constrs_1/new/Constraints.xdc]
Finished Parsing XDC File [C:/Xilinx/PROJECTS/PWM/PWM.srcs/constrs_1/new/Constraints.xdc]
INFO: [Project 1-236] Implementation specific constraints were found while reading constraint file [C:/Xilinx/PROJECTS/PWM/PWM.srcs/constrs_1/new/Constraints.xdc]. These constraints will be ignored for synthesis but will be used in implementation. Impacted constraints are listed in the file [.Xil/TOP_LEVEL_propImpl.xdc].
Resolution: To avoid this warning, move constraints listed in [.Xil/TOP_LEVEL_propImpl.xdc] to another XDC file and exclude this new file from synthesis with the used_in_synthesis property (File Properties dialog in GUI) and re-run elaboration/synthesis.
Completed Processing XDC Constraints

Netlist sorting complete. Time (s): cpu = 00:00:00 ; elapsed = 00:00:00.001 . Memory (MB): peak = 1253.895 ; gain = 0.000
INFO: [Project 1-111] Unisim Transformation Summary:
No Unisim elements were transformed.

Constraint Validation Runtime : Time (s): cpu = 00:00:00 ; elapsed = 00:00:00.023 . Memory (MB): peak = 1253.895 ; gain = 0.000
WARNING: [Designutils 20-4072] Reference run did not run incremental synthesis because the design is too small; reverting to default synthesis
INFO: [Designutils 20-4379] Flow is switching to default flow due to incremental criteria not met. If you would like to alter this behaviour and have the flow terminate instead, please set the following parameter config_implementation {autoIncr.Synth.RejectBehavior Terminate}
---------------------------------------------------------------------------------
Finished Constraint Validation : Time (s): cpu = 00:00:30 ; elapsed = 00:00:33 . Memory (MB): peak = 1253.895 ; gain = 0.000
---------------------------------------------------------------------------------
---------------------------------------------------------------------------------
Start Loading Part and Timing Information
---------------------------------------------------------------------------------
Loading part: xc7a35tcpg236-1
---------------------------------------------------------------------------------
Finished Loading Part and Timing Information : Time (s): cpu = 00:00:30 ; elapsed = 00:00:33 . Memory (MB): peak = 1253.895 ; gain = 0.000
---------------------------------------------------------------------------------
---------------------------------------------------------------------------------
Start Applying 'set_property' XDC Constraints
---------------------------------------------------------------------------------
---------------------------------------------------------------------------------
Finished applying 'set_property' XDC Constraints : Time (s): cpu = 00:00:30 ; elapsed = 00:00:33 . Memory (MB): peak = 1253.895 ; gain = 0.000
---------------------------------------------------------------------------------
WARNING: [Synth 8-327] inferring latch for variable 'Seven_Segment_LED_reg' [C:/Xilinx/PROJECTS/PWM/PWM.srcs/sources_1/new/7_Segment_Generator.vhd:178]
---------------------------------------------------------------------------------
Finished RTL Optimization Phase 2 : Time (s): cpu = 00:00:32 ; elapsed = 00:00:35 . Memory (MB): peak = 1253.895 ; gain = 0.000
---------------------------------------------------------------------------------
---------------------------------------------------------------------------------
Start RTL Component Statistics 
---------------------------------------------------------------------------------
Detailed RTL Component Info : 
+---Adders : 
	   2 Input   32 Bit       Adders := 17    
	   2 Input    4 Bit       Adders := 13    
	   2 Input    3 Bit       Adders := 1     
+---Registers : 
	               32 Bit    Registers := 18    
	                1 Bit    Registers := 3     
+---Muxes : 
	   2 Input   32 Bit        Muxes := 18    
	   2 Input   28 Bit        Muxes := 1     
	   4 Input   28 Bit        Muxes := 1     
	   5 Input   28 Bit        Muxes := 1     
	   2 Input   16 Bit        Muxes := 3     
	   2 Input   12 Bit        Muxes := 1     
	   4 Input    7 Bit        Muxes := 1     
	   4 Input    4 Bit        Muxes := 1     
	   5 Input    4 Bit        Muxes := 1     
	   2 Input    4 Bit        Muxes := 8     
	   2 Input    1 Bit        Muxes := 17    
	   3 Input    1 Bit        Muxes := 1     
---------------------------------------------------------------------------------
Finished RTL Component Statistics 
---------------------------------------------------------------------------------
---------------------------------------------------------------------------------
Start Part Resource Summary
---------------------------------------------------------------------------------
Part Resources:
DSPs: 90 (col length:60)
BRAMs: 100 (col length: RAMB18 60 RAMB36 30)
---------------------------------------------------------------------------------
Finished Part Resource Summary
---------------------------------------------------------------------------------
---------------------------------------------------------------------------------
Start Cross Boundary and Area Optimization
---------------------------------------------------------------------------------
WARNING: [Synth 8-7080] Parallel synthesis criteria is not met
---------------------------------------------------------------------------------
Finished Cross Boundary and Area Optimization : Time (s): cpu = 00:01:06 ; elapsed = 00:01:12 . Memory (MB): peak = 1253.895 ; gain = 0.000
---------------------------------------------------------------------------------
---------------------------------------------------------------------------------
Start Applying XDC Timing Constraints
---------------------------------------------------------------------------------
---------------------------------------------------------------------------------
Finished Applying XDC Timing Constraints : Time (s): cpu = 00:01:24 ; elapsed = 00:01:31 . Memory (MB): peak = 1253.895 ; gain = 0.000
---------------------------------------------------------------------------------
---------------------------------------------------------------------------------
Start Timing Optimization
---------------------------------------------------------------------------------
---------------------------------------------------------------------------------
Finished Timing Optimization : Time (s): cpu = 00:01:25 ; elapsed = 00:01:32 . Memory (MB): peak = 1253.895 ; gain = 0.000
---------------------------------------------------------------------------------
---------------------------------------------------------------------------------
Start Technology Mapping
---------------------------------------------------------------------------------
---------------------------------------------------------------------------------
Finished Technology Mapping : Time (s): cpu = 00:01:26 ; elapsed = 00:01:33 . Memory (MB): peak = 1253.895 ; gain = 0.000
---------------------------------------------------------------------------------
---------------------------------------------------------------------------------
Start IO Insertion
---------------------------------------------------------------------------------
---------------------------------------------------------------------------------
Start Flattening Before IO Insertion
---------------------------------------------------------------------------------
---------------------------------------------------------------------------------
Finished Flattening Before IO Insertion
---------------------------------------------------------------------------------
---------------------------------------------------------------------------------
Start Final Netlist Cleanup
---------------------------------------------------------------------------------
---------------------------------------------------------------------------------
Finished Final Netlist Cleanup
---------------------------------------------------------------------------------
---------------------------------------------------------------------------------
Finished IO Insertion : Time (s): cpu = 00:01:35 ; elapsed = 00:01:43 . Memory (MB): peak = 1253.895 ; gain = 0.000
---------------------------------------------------------------------------------
---------------------------------------------------------------------------------
Start Renaming Generated Instances
---------------------------------------------------------------------------------
---------------------------------------------------------------------------------
Finished Renaming Generated Instances : Time (s): cpu = 00:01:35 ; elapsed = 00:01:43 . Memory (MB): peak = 1253.895 ; gain = 0.000
---------------------------------------------------------------------------------
---------------------------------------------------------------------------------
Start Rebuilding User Hierarchy
---------------------------------------------------------------------------------
---------------------------------------------------------------------------------
Finished Rebuilding User Hierarchy : Time (s): cpu = 00:01:36 ; elapsed = 00:01:43 . Memory (MB): peak = 1253.895 ; gain = 0.000
---------------------------------------------------------------------------------
---------------------------------------------------------------------------------
Start Renaming Generated Ports
---------------------------------------------------------------------------------
---------------------------------------------------------------------------------
Finished Renaming Generated Ports : Time (s): cpu = 00:01:36 ; elapsed = 00:01:43 . Memory (MB): peak = 1253.895 ; gain = 0.000
---------------------------------------------------------------------------------
---------------------------------------------------------------------------------
Start Handling Custom Attributes
---------------------------------------------------------------------------------
---------------------------------------------------------------------------------
Finished Handling Custom Attributes : Time (s): cpu = 00:01:36 ; elapsed = 00:01:43 . Memory (MB): peak = 1253.895 ; gain = 0.000
---------------------------------------------------------------------------------
---------------------------------------------------------------------------------
Start Renaming Generated Nets
---------------------------------------------------------------------------------
---------------------------------------------------------------------------------
Finished Renaming Generated Nets : Time (s): cpu = 00:01:36 ; elapsed = 00:01:43 . Memory (MB): peak = 1253.895 ; gain = 0.000
---------------------------------------------------------------------------------
---------------------------------------------------------------------------------
Start Writing Synthesis Report
---------------------------------------------------------------------------------

Report BlackBoxes: 
+-+--------------+----------+
| |BlackBox name |Instances |
+-+--------------+----------+
+-+--------------+----------+

Report Cell Usage: 
+------+-------+------+
|      |Cell   |Count |
+------+-------+------+
|1     |BUFG   |     1|
|2     |CARRY4 |   373|
|3     |LUT1   |    21|
|4     |LUT2   |   118|
|5     |LUT3   |    10|
|6     |LUT4   |   752|
|7     |LUT5   |   121|
|8     |LUT6   |   172|
|9     |FDRE   |  1198|
|10    |FDSE   |     8|
|11    |LD     |     7|
|12    |IBUF   |    16|
|13    |OBUF   |    27|
+------+-------+------+
---------------------------------------------------------------------------------
Finished Writing Synthesis Report : Time (s): cpu = 00:01:36 ; elapsed = 00:01:43 . Memory (MB): peak = 1253.895 ; gain = 0.000
---------------------------------------------------------------------------------
Synthesis finished with 0 errors, 0 critical warnings and 2 warnings.
Synthesis Optimization Runtime : Time (s): cpu = 00:01:15 ; elapsed = 00:01:37 . Memory (MB): peak = 1253.895 ; gain = 0.000
Synthesis Optimization Complete : Time (s): cpu = 00:01:36 ; elapsed = 00:01:43 . Memory (MB): peak = 1253.895 ; gain = 0.000
INFO: [Project 1-571] Translating synthesized netlist
Netlist sorting complete. Time (s): cpu = 00:00:00 ; elapsed = 00:00:00.300 . Memory (MB): peak = 1253.895 ; gain = 0.000
INFO: [Netlist 29-17] Analyzing 380 Unisim elements for replacement
INFO: [Netlist 29-28] Unisim Transformation completed in 0 CPU seconds
INFO: [Project 1-570] Preparing netlist for logic optimization
INFO: [Opt 31-138] Pushed 0 inverter(s) to 0 load pin(s).
Netlist sorting complete. Time (s): cpu = 00:00:00 ; elapsed = 00:00:00.001 . Memory (MB): peak = 1257.613 ; gain = 0.000
INFO: [Project 1-111] Unisim Transformation Summary:
  A total of 7 instances were transformed.
  LD => LDCE: 7 instances


*** Running vivado
    with args -log TOP_LEVEL.vds -m64 -product Vivado -mode batch -messageDb vivado.pb -notrace -source TOP_LEVEL.tcl



****** Vivado v2021.2 (64-bit)
  **** SW Build 3367213 on Tue Oct 19 02:48:09 MDT 2021
  **** IP Build 3369179 on Thu Oct 21 08:25:16 MDT 2021
    ** Copyright 1986-2021 Xilinx, Inc. All Rights Reserved.

source TOP_LEVEL.tcl -notrace
create_project: Time (s): cpu = 00:00:08 ; elapsed = 00:00:07 . Memory (MB): peak = 1252.441 ; gain = 7.426
Command: read_checkpoint -auto_incremental -incremental C:/Xilinx/PROJECTS/PWM/PWM.srcs/utils_1/imports/synth_1/TOP_LEVEL.dcp
INFO: [Vivado 12-5825] Read reference checkpoint from C:/Xilinx/PROJECTS/PWM/PWM.srcs/utils_1/imports/synth_1/TOP_LEVEL.dcp for incremental synthesis
INFO: [Vivado 12-7989] Please ensure there are no constraint changes
Command: synth_design -top TOP_LEVEL -part xc7a35tcpg236-1
Starting synth_design
Attempting to get a license for feature 'Synthesis' and/or device 'xc7a35t'
INFO: [Common 17-349] Got license for feature 'Synthesis' and/or device 'xc7a35t'
INFO: [Device 21-403] Loading part xc7a35tcpg236-1
WARNING: [Designutils 20-4072] Reference run did not run incremental synthesis because the design is too small; reverting to default synthesis
INFO: [Designutils 20-4379] Flow is switching to default flow due to incremental criteria not met. If you would like to alter this behaviour and have the flow terminate instead, please set the following parameter config_implementation {autoIncr.Synth.RejectBehavior Terminate}
INFO: [Synth 8-7079] Multithreading enabled for synth_design using a maximum of 2 processes.
INFO: [Synth 8-7078] Launching helper process for spawning children vivado processes
INFO: [Synth 8-7075] Helper process launched with PID 6312
---------------------------------------------------------------------------------
Starting RTL Elaboration : Time (s): cpu = 00:00:08 ; elapsed = 00:00:08 . Memory (MB): peak = 1252.441 ; gain = 0.000
---------------------------------------------------------------------------------
INFO: [Synth 8-638] synthesizing module 'TOP_LEVEL' [C:/Xilinx/PROJECTS/PWM/PWM.srcs/sources_1/new/TOP_LEVEL.vhd:45]
INFO: [Synth 8-3491] module 'DMUX_1_4' declared at 'C:/Xilinx/PROJECTS/PWM/PWM.srcs/sources_1/new/DMUX_1_4.vhd:34' bound to instance 'label1' of component 'DMUX_1_4' [C:/Xilinx/PROJECTS/PWM/PWM.srcs/sources_1/new/TOP_LEVEL.vhd:98]
INFO: [Synth 8-638] synthesizing module 'DMUX_1_4' [C:/Xilinx/PROJECTS/PWM/PWM.srcs/sources_1/new/DMUX_1_4.vhd:39]
INFO: [Synth 8-226] default block is never used [C:/Xilinx/PROJECTS/PWM/PWM.srcs/sources_1/new/DMUX_1_4.vhd:45]
INFO: [Synth 8-256] done synthesizing module 'DMUX_1_4' (1#1) [C:/Xilinx/PROJECTS/PWM/PWM.srcs/sources_1/new/DMUX_1_4.vhd:39]
INFO: [Synth 8-3491] module 'Integer_Converter' declared at 'C:/Xilinx/PROJECTS/PWM/PWM.srcs/sources_1/new/Integer_Converter.vhd:31' bound to instance 'label2' of component 'Integer_Converter' [C:/Xilinx/PROJECTS/PWM/PWM.srcs/sources_1/new/TOP_LEVEL.vhd:99]
INFO: [Synth 8-638] synthesizing module 'Integer_Converter' [C:/Xilinx/PROJECTS/PWM/PWM.srcs/sources_1/new/Integer_Converter.vhd:36]
INFO: [Synth 8-256] done synthesizing module 'Integer_Converter' (2#1) [C:/Xilinx/PROJECTS/PWM/PWM.srcs/sources_1/new/Integer_Converter.vhd:36]
INFO: [Synth 8-3491] module 'Time_Converter' declared at 'C:/Xilinx/PROJECTS/PWM/PWM.srcs/sources_1/new/Decoder.vhd:34' bound to instance 'label3' of component 'Time_Converter' [C:/Xilinx/PROJECTS/PWM/PWM.srcs/sources_1/new/TOP_LEVEL.vhd:100]
INFO: [Synth 8-638] synthesizing module 'Time_Converter' [C:/Xilinx/PROJECTS/PWM/PWM.srcs/sources_1/new/Decoder.vhd:39]
INFO: [Synth 8-256] done synthesizing module 'Time_Converter' (3#1) [C:/Xilinx/PROJECTS/PWM/PWM.srcs/sources_1/new/Decoder.vhd:39]
INFO: [Synth 8-3491] module 'Counter' declared at 'C:/Xilinx/PROJECTS/PWM/PWM.srcs/sources_1/new/Counter.vhd:34' bound to instance 'label4' of component 'Counter' [C:/Xilinx/PROJECTS/PWM/PWM.srcs/sources_1/new/TOP_LEVEL.vhd:101]
INFO: [Synth 8-638] synthesizing module 'Counter' [C:/Xilinx/PROJECTS/PWM/PWM.srcs/sources_1/new/Counter.vhd:40]
INFO: [Synth 8-256] done synthesizing module 'Counter' (4#1) [C:/Xilinx/PROJECTS/PWM/PWM.srcs/sources_1/new/Counter.vhd:40]
INFO: [Synth 8-3491] module 'MUX_2_1' declared at 'C:/Xilinx/PROJECTS/PWM/PWM.srcs/sources_1/new/MUX_2_1.vhd:34' bound to instance 'label5' of component 'MUX_2_1' [C:/Xilinx/PROJECTS/PWM/PWM.srcs/sources_1/new/TOP_LEVEL.vhd:102]
INFO: [Synth 8-638] synthesizing module 'MUX_2_1' [C:/Xilinx/PROJECTS/PWM/PWM.srcs/sources_1/new/MUX_2_1.vhd:40]
INFO: [Synth 8-256] done synthesizing module 'MUX_2_1' (5#1) [C:/Xilinx/PROJECTS/PWM/PWM.srcs/sources_1/new/MUX_2_1.vhd:40]
INFO: [Synth 8-3491] module 'PWM_Generator' declared at 'C:/Xilinx/PROJECTS/PWM/PWM.srcs/sources_1/new/PWM_Generator.vhd:33' bound to instance 'label6' of component 'PWM_Generator' [C:/Xilinx/PROJECTS/PWM/PWM.srcs/sources_1/new/TOP_LEVEL.vhd:103]
INFO: [Synth 8-638] synthesizing module 'PWM_Generator' [C:/Xilinx/PROJECTS/PWM/PWM.srcs/sources_1/new/PWM_Generator.vhd:40]
	Parameter max_val bound to: 255 - type: integer 
INFO: [Synth 8-3491] module 'Test_Counter' declared at 'C:/Xilinx/PROJECTS/PWM/PWM.srcs/sources_1/new/Test_Counter.vhd:34' bound to instance 'label1_1' of component 'Test_Counter' [C:/Xilinx/PROJECTS/PWM/PWM.srcs/sources_1/new/PWM_Generator.vhd:91]
INFO: [Synth 8-638] synthesizing module 'Test_Counter' [C:/Xilinx/PROJECTS/PWM/PWM.srcs/sources_1/new/Test_Counter.vhd:40]
WARNING: [Synth 8-614] signal 'duty_cycle' is read in the process but is not in the sensitivity list [C:/Xilinx/PROJECTS/PWM/PWM.srcs/sources_1/new/Test_Counter.vhd:47]
INFO: [Synth 8-256] done synthesizing module 'Test_Counter' (6#1) [C:/Xilinx/PROJECTS/PWM/PWM.srcs/sources_1/new/Test_Counter.vhd:40]
INFO: [Synth 8-3491] module 'Test_Counter' declared at 'C:/Xilinx/PROJECTS/PWM/PWM.srcs/sources_1/new/Test_Counter.vhd:34' bound to instance 'label1_2' of component 'Test_Counter' [C:/Xilinx/PROJECTS/PWM/PWM.srcs/sources_1/new/PWM_Generator.vhd:92]
INFO: [Synth 8-3491] module 'Test_Counter' declared at 'C:/Xilinx/PROJECTS/PWM/PWM.srcs/sources_1/new/Test_Counter.vhd:34' bound to instance 'label1_3' of component 'Test_Counter' [C:/Xilinx/PROJECTS/PWM/PWM.srcs/sources_1/new/PWM_Generator.vhd:93]
INFO: [Synth 8-3491] module 'Test_Counter' declared at 'C:/Xilinx/PROJECTS/PWM/PWM.srcs/sources_1/new/Test_Counter.vhd:34' bound to instance 'label1_4' of component 'Test_Counter' [C:/Xilinx/PROJECTS/PWM/PWM.srcs/sources_1/new/PWM_Generator.vhd:94]
INFO: [Synth 8-3491] module 'Test_Counter' declared at 'C:/Xilinx/PROJECTS/PWM/PWM.srcs/sources_1/new/Test_Counter.vhd:34' bound to instance 'label1_5' of component 'Test_Counter' [C:/Xilinx/PROJECTS/PWM/PWM.srcs/sources_1/new/PWM_Generator.vhd:95]
INFO: [Synth 8-3491] module 'Test_Counter' declared at 'C:/Xilinx/PROJECTS/PWM/PWM.srcs/sources_1/new/Test_Counter.vhd:34' bound to instance 'label1_6' of component 'Test_Counter' [C:/Xilinx/PROJECTS/PWM/PWM.srcs/sources_1/new/PWM_Generator.vhd:96]
INFO: [Synth 8-3491] module 'Test_Counter' declared at 'C:/Xilinx/PROJECTS/PWM/PWM.srcs/sources_1/new/Test_Counter.vhd:34' bound to instance 'label1_7' of component 'Test_Counter' [C:/Xilinx/PROJECTS/PWM/PWM.srcs/sources_1/new/PWM_Generator.vhd:97]
INFO: [Synth 8-3491] module 'Test_Counter' declared at 'C:/Xilinx/PROJECTS/PWM/PWM.srcs/sources_1/new/Test_Counter.vhd:34' bound to instance 'label1_8' of component 'Test_Counter' [C:/Xilinx/PROJECTS/PWM/PWM.srcs/sources_1/new/PWM_Generator.vhd:98]
INFO: [Synth 8-3491] module 'Test_Counter' declared at 'C:/Xilinx/PROJECTS/PWM/PWM.srcs/sources_1/new/Test_Counter.vhd:34' bound to instance 'label1_9' of component 'Test_Counter' [C:/Xilinx/PROJECTS/PWM/PWM.srcs/sources_1/new/PWM_Generator.vhd:99]
INFO: [Synth 8-3491] module 'Test_Counter' declared at 'C:/Xilinx/PROJECTS/PWM/PWM.srcs/sources_1/new/Test_Counter.vhd:34' bound to instance 'label1_10' of component 'Test_Counter' [C:/Xilinx/PROJECTS/PWM/PWM.srcs/sources_1/new/PWM_Generator.vhd:100]
INFO: [Synth 8-3491] module 'Test_Counter' declared at 'C:/Xilinx/PROJECTS/PWM/PWM.srcs/sources_1/new/Test_Counter.vhd:34' bound to instance 'label1_11' of component 'Test_Counter' [C:/Xilinx/PROJECTS/PWM/PWM.srcs/sources_1/new/PWM_Generator.vhd:101]
INFO: [Synth 8-3491] module 'Test_Counter' declared at 'C:/Xilinx/PROJECTS/PWM/PWM.srcs/sources_1/new/Test_Counter.vhd:34' bound to instance 'label1_12' of component 'Test_Counter' [C:/Xilinx/PROJECTS/PWM/PWM.srcs/sources_1/new/PWM_Generator.vhd:102]
INFO: [Synth 8-3491] module 'Test_Counter' declared at 'C:/Xilinx/PROJECTS/PWM/PWM.srcs/sources_1/new/Test_Counter.vhd:34' bound to instance 'label1_13' of component 'Test_Counter' [C:/Xilinx/PROJECTS/PWM/PWM.srcs/sources_1/new/PWM_Generator.vhd:103]
INFO: [Synth 8-3491] module 'Test_Counter' declared at 'C:/Xilinx/PROJECTS/PWM/PWM.srcs/sources_1/new/Test_Counter.vhd:34' bound to instance 'label1_14' of component 'Test_Counter' [C:/Xilinx/PROJECTS/PWM/PWM.srcs/sources_1/new/PWM_Generator.vhd:104]
INFO: [Synth 8-3491] module 'Test_Counter' declared at 'C:/Xilinx/PROJECTS/PWM/PWM.srcs/sources_1/new/Test_Counter.vhd:34' bound to instance 'label1_15' of component 'Test_Counter' [C:/Xilinx/PROJECTS/PWM/PWM.srcs/sources_1/new/PWM_Generator.vhd:105]
INFO: [Synth 8-3491] module 'Test_Counter' declared at 'C:/Xilinx/PROJECTS/PWM/PWM.srcs/sources_1/new/Test_Counter.vhd:34' bound to instance 'label1_16' of component 'Test_Counter' [C:/Xilinx/PROJECTS/PWM/PWM.srcs/sources_1/new/PWM_Generator.vhd:106]
INFO: [Synth 8-3491] module 'LED_MUX' declared at 'C:/Xilinx/PROJECTS/PWM/PWM.srcs/sources_1/new/LED_MUX.vhd:34' bound to instance 'label2_1' of component 'LED_MUX' [C:/Xilinx/PROJECTS/PWM/PWM.srcs/sources_1/new/PWM_Generator.vhd:118]
INFO: [Synth 8-638] synthesizing module 'LED_MUX' [C:/Xilinx/PROJECTS/PWM/PWM.srcs/sources_1/new/LED_MUX.vhd:39]
INFO: [Synth 8-256] done synthesizing module 'LED_MUX' (7#1) [C:/Xilinx/PROJECTS/PWM/PWM.srcs/sources_1/new/LED_MUX.vhd:39]
INFO: [Synth 8-3491] module 'LED_MUX' declared at 'C:/Xilinx/PROJECTS/PWM/PWM.srcs/sources_1/new/LED_MUX.vhd:34' bound to instance 'label2_2' of component 'LED_MUX' [C:/Xilinx/PROJECTS/PWM/PWM.srcs/sources_1/new/PWM_Generator.vhd:119]
INFO: [Synth 8-3491] module 'LED_MUX' declared at 'C:/Xilinx/PROJECTS/PWM/PWM.srcs/sources_1/new/LED_MUX.vhd:34' bound to instance 'label2_3' of component 'LED_MUX' [C:/Xilinx/PROJECTS/PWM/PWM.srcs/sources_1/new/PWM_Generator.vhd:120]
INFO: [Synth 8-3491] module 'LED_MUX' declared at 'C:/Xilinx/PROJECTS/PWM/PWM.srcs/sources_1/new/LED_MUX.vhd:34' bound to instance 'label2_4' of component 'LED_MUX' [C:/Xilinx/PROJECTS/PWM/PWM.srcs/sources_1/new/PWM_Generator.vhd:121]
INFO: [Synth 8-3491] module 'LED_MUX' declared at 'C:/Xilinx/PROJECTS/PWM/PWM.srcs/sources_1/new/LED_MUX.vhd:34' bound to instance 'label2_5' of component 'LED_MUX' [C:/Xilinx/PROJECTS/PWM/PWM.srcs/sources_1/new/PWM_Generator.vhd:122]
INFO: [Synth 8-3491] module 'LED_MUX' declared at 'C:/Xilinx/PROJECTS/PWM/PWM.srcs/sources_1/new/LED_MUX.vhd:34' bound to instance 'label2_6' of component 'LED_MUX' [C:/Xilinx/PROJECTS/PWM/PWM.srcs/sources_1/new/PWM_Generator.vhd:123]
INFO: [Synth 8-3491] module 'LED_MUX' declared at 'C:/Xilinx/PROJECTS/PWM/PWM.srcs/sources_1/new/LED_MUX.vhd:34' bound to instance 'label2_7' of component 'LED_MUX' [C:/Xilinx/PROJECTS/PWM/PWM.srcs/sources_1/new/PWM_Generator.vhd:124]
INFO: [Synth 8-3491] module 'LED_MUX' declared at 'C:/Xilinx/PROJECTS/PWM/PWM.srcs/sources_1/new/LED_MUX.vhd:34' bound to instance 'label2_8' of component 'LED_MUX' [C:/Xilinx/PROJECTS/PWM/PWM.srcs/sources_1/new/PWM_Generator.vhd:125]
INFO: [Synth 8-3491] module 'LED_MUX' declared at 'C:/Xilinx/PROJECTS/PWM/PWM.srcs/sources_1/new/LED_MUX.vhd:34' bound to instance 'label2_9' of component 'LED_MUX' [C:/Xilinx/PROJECTS/PWM/PWM.srcs/sources_1/new/PWM_Generator.vhd:126]
INFO: [Synth 8-3491] module 'LED_MUX' declared at 'C:/Xilinx/PROJECTS/PWM/PWM.srcs/sources_1/new/LED_MUX.vhd:34' bound to instance 'label2_10' of component 'LED_MUX' [C:/Xilinx/PROJECTS/PWM/PWM.srcs/sources_1/new/PWM_Generator.vhd:127]
INFO: [Synth 8-3491] module 'LED_MUX' declared at 'C:/Xilinx/PROJECTS/PWM/PWM.srcs/sources_1/new/LED_MUX.vhd:34' bound to instance 'label2_11' of component 'LED_MUX' [C:/Xilinx/PROJECTS/PWM/PWM.srcs/sources_1/new/PWM_Generator.vhd:128]
INFO: [Synth 8-3491] module 'LED_MUX' declared at 'C:/Xilinx/PROJECTS/PWM/PWM.srcs/sources_1/new/LED_MUX.vhd:34' bound to instance 'label2_12' of component 'LED_MUX' [C:/Xilinx/PROJECTS/PWM/PWM.srcs/sources_1/new/PWM_Generator.vhd:129]
INFO: [Synth 8-3491] module 'LED_MUX' declared at 'C:/Xilinx/PROJECTS/PWM/PWM.srcs/sources_1/new/LED_MUX.vhd:34' bound to instance 'label2_13' of component 'LED_MUX' [C:/Xilinx/PROJECTS/PWM/PWM.srcs/sources_1/new/PWM_Generator.vhd:130]
INFO: [Synth 8-3491] module 'LED_MUX' declared at 'C:/Xilinx/PROJECTS/PWM/PWM.srcs/sources_1/new/LED_MUX.vhd:34' bound to instance 'label2_14' of component 'LED_MUX' [C:/Xilinx/PROJECTS/PWM/PWM.srcs/sources_1/new/PWM_Generator.vhd:131]
INFO: [Synth 8-3491] module 'LED_MUX' declared at 'C:/Xilinx/PROJECTS/PWM/PWM.srcs/sources_1/new/LED_MUX.vhd:34' bound to instance 'label2_15' of component 'LED_MUX' [C:/Xilinx/PROJECTS/PWM/PWM.srcs/sources_1/new/PWM_Generator.vhd:132]
INFO: [Synth 8-3491] module 'LED_MUX' declared at 'C:/Xilinx/PROJECTS/PWM/PWM.srcs/sources_1/new/LED_MUX.vhd:34' bound to instance 'label2_16' of component 'LED_MUX' [C:/Xilinx/PROJECTS/PWM/PWM.srcs/sources_1/new/PWM_Generator.vhd:133]
WARNING: [Synth 8-614] signal 'LED_On1' is read in the process but is not in the sensitivity list [C:/Xilinx/PROJECTS/PWM/PWM.srcs/sources_1/new/PWM_Generator.vhd:135]
WARNING: [Synth 8-614] signal 'LED_On2' is read in the process but is not in the sensitivity list [C:/Xilinx/PROJECTS/PWM/PWM.srcs/sources_1/new/PWM_Generator.vhd:135]
WARNING: [Synth 8-614] signal 'LED_On3' is read in the process but is not in the sensitivity list [C:/Xilinx/PROJECTS/PWM/PWM.srcs/sources_1/new/PWM_Generator.vhd:135]
WARNING: [Synth 8-614] signal 'LED_On4' is read in the process but is not in the sensitivity list [C:/Xilinx/PROJECTS/PWM/PWM.srcs/sources_1/new/PWM_Generator.vhd:135]
WARNING: [Synth 8-614] signal 'LED_On5' is read in the process but is not in the sensitivity list [C:/Xilinx/PROJECTS/PWM/PWM.srcs/sources_1/new/PWM_Generator.vhd:135]
WARNING: [Synth 8-614] signal 'LED_On6' is read in the process but is not in the sensitivity list [C:/Xilinx/PROJECTS/PWM/PWM.srcs/sources_1/new/PWM_Generator.vhd:135]
WARNING: [Synth 8-614] signal 'LED_On7' is read in the process but is not in the sensitivity list [C:/Xilinx/PROJECTS/PWM/PWM.srcs/sources_1/new/PWM_Generator.vhd:135]
WARNING: [Synth 8-614] signal 'LED_On8' is read in the process but is not in the sensitivity list [C:/Xilinx/PROJECTS/PWM/PWM.srcs/sources_1/new/PWM_Generator.vhd:135]
WARNING: [Synth 8-614] signal 'LED_On9' is read in the process but is not in the sensitivity list [C:/Xilinx/PROJECTS/PWM/PWM.srcs/sources_1/new/PWM_Generator.vhd:135]
WARNING: [Synth 8-614] signal 'LED_On10' is read in the process but is not in the sensitivity list [C:/Xilinx/PROJECTS/PWM/PWM.srcs/sources_1/new/PWM_Generator.vhd:135]
WARNING: [Synth 8-614] signal 'LED_On11' is read in the process but is not in the sensitivity list [C:/Xilinx/PROJECTS/PWM/PWM.srcs/sources_1/new/PWM_Generator.vhd:135]
WARNING: [Synth 8-614] signal 'LED_On12' is read in the process but is not in the sensitivity list [C:/Xilinx/PROJECTS/PWM/PWM.srcs/sources_1/new/PWM_Generator.vhd:135]
WARNING: [Synth 8-614] signal 'LED_On13' is read in the process but is not in the sensitivity list [C:/Xilinx/PROJECTS/PWM/PWM.srcs/sources_1/new/PWM_Generator.vhd:135]
WARNING: [Synth 8-614] signal 'LED_On14' is read in the process but is not in the sensitivity list [C:/Xilinx/PROJECTS/PWM/PWM.srcs/sources_1/new/PWM_Generator.vhd:135]
WARNING: [Synth 8-614] signal 'LED_On15' is read in the process but is not in the sensitivity list [C:/Xilinx/PROJECTS/PWM/PWM.srcs/sources_1/new/PWM_Generator.vhd:135]
WARNING: [Synth 8-614] signal 'LED_On16' is read in the process but is not in the sensitivity list [C:/Xilinx/PROJECTS/PWM/PWM.srcs/sources_1/new/PWM_Generator.vhd:135]
WARNING: [Synth 8-614] signal 'count' is read in the process but is not in the sensitivity list [C:/Xilinx/PROJECTS/PWM/PWM.srcs/sources_1/new/PWM_Generator.vhd:135]
INFO: [Synth 8-256] done synthesizing module 'PWM_Generator' (8#1) [C:/Xilinx/PROJECTS/PWM/PWM.srcs/sources_1/new/PWM_Generator.vhd:40]
INFO: [Synth 8-3491] module 'Seven_Segment_Generator' declared at 'C:/Xilinx/PROJECTS/PWM/PWM.srcs/sources_1/new/7_Segment_Generator.vhd:36' bound to instance 'label7' of component 'Seven_Segment_Generator' [C:/Xilinx/PROJECTS/PWM/PWM.srcs/sources_1/new/TOP_LEVEL.vhd:104]
INFO: [Synth 8-638] synthesizing module 'Seven_Segment_Generator' [C:/Xilinx/PROJECTS/PWM/PWM.srcs/sources_1/new/7_Segment_Generator.vhd:45]
INFO: [Synth 8-3491] module 'Seven_Segment_Counter' declared at 'C:/Xilinx/PROJECTS/PWM/PWM.srcs/sources_1/new/Seven_Segment_Counter.vhd:34' bound to instance 'Two_Second_Counter' of component 'Seven_Segment_Counter' [C:/Xilinx/PROJECTS/PWM/PWM.srcs/sources_1/new/7_Segment_Generator.vhd:89]
INFO: [Synth 8-638] synthesizing module 'Seven_Segment_Counter' [C:/Xilinx/PROJECTS/PWM/PWM.srcs/sources_1/new/Seven_Segment_Counter.vhd:39]
INFO: [Synth 8-256] done synthesizing module 'Seven_Segment_Counter' (9#1) [C:/Xilinx/PROJECTS/PWM/PWM.srcs/sources_1/new/Seven_Segment_Counter.vhd:39]
WARNING: [Synth 8-614] signal 'word_number' is read in the process but is not in the sensitivity list [C:/Xilinx/PROJECTS/PWM/PWM.srcs/sources_1/new/7_Segment_Generator.vhd:155]
INFO: [Synth 8-226] default block is never used [C:/Xilinx/PROJECTS/PWM/PWM.srcs/sources_1/new/7_Segment_Generator.vhd:177]
INFO: [Synth 8-226] default block is never used [C:/Xilinx/PROJECTS/PWM/PWM.srcs/sources_1/new/7_Segment_Generator.vhd:192]
INFO: [Synth 8-256] done synthesizing module 'Seven_Segment_Generator' (10#1) [C:/Xilinx/PROJECTS/PWM/PWM.srcs/sources_1/new/7_Segment_Generator.vhd:45]
INFO: [Synth 8-256] done synthesizing module 'TOP_LEVEL' (11#1) [C:/Xilinx/PROJECTS/PWM/PWM.srcs/sources_1/new/TOP_LEVEL.vhd:45]
---------------------------------------------------------------------------------
Finished RTL Elaboration : Time (s): cpu = 00:00:10 ; elapsed = 00:00:11 . Memory (MB): peak = 1252.441 ; gain = 0.000
---------------------------------------------------------------------------------
---------------------------------------------------------------------------------
Start Handling Custom Attributes
---------------------------------------------------------------------------------
---------------------------------------------------------------------------------
Finished Handling Custom Attributes : Time (s): cpu = 00:00:12 ; elapsed = 00:00:13 . Memory (MB): peak = 1252.441 ; gain = 0.000
---------------------------------------------------------------------------------
---------------------------------------------------------------------------------
Finished RTL Optimization Phase 1 : Time (s): cpu = 00:00:12 ; elapsed = 00:00:13 . Memory (MB): peak = 1252.441 ; gain = 0.000
---------------------------------------------------------------------------------
Netlist sorting complete. Time (s): cpu = 00:00:00 ; elapsed = 00:00:00.091 . Memory (MB): peak = 1252.441 ; gain = 0.000
INFO: [Project 1-570] Preparing netlist for logic optimization

Processing XDC Constraints
Initializing timing engine
Parsing XDC File [C:/Xilinx/PROJECTS/PWM/PWM.srcs/constrs_1/new/Constraints.xdc]
Finished Parsing XDC File [C:/Xilinx/PROJECTS/PWM/PWM.srcs/constrs_1/new/Constraints.xdc]
INFO: [Project 1-236] Implementation specific constraints were found while reading constraint file [C:/Xilinx/PROJECTS/PWM/PWM.srcs/constrs_1/new/Constraints.xdc]. These constraints will be ignored for synthesis but will be used in implementation. Impacted constraints are listed in the file [.Xil/TOP_LEVEL_propImpl.xdc].
Resolution: To avoid this warning, move constraints listed in [.Xil/TOP_LEVEL_propImpl.xdc] to another XDC file and exclude this new file from synthesis with the used_in_synthesis property (File Properties dialog in GUI) and re-run elaboration/synthesis.
Completed Processing XDC Constraints

Netlist sorting complete. Time (s): cpu = 00:00:00 ; elapsed = 00:00:00.002 . Memory (MB): peak = 1253.695 ; gain = 0.000
INFO: [Project 1-111] Unisim Transformation Summary:
No Unisim elements were transformed.

Constraint Validation Runtime : Time (s): cpu = 00:00:00 ; elapsed = 00:00:00.031 . Memory (MB): peak = 1253.695 ; gain = 0.000
WARNING: [Designutils 20-4072] Reference run did not run incremental synthesis because the design is too small; reverting to default synthesis
INFO: [Designutils 20-4379] Flow is switching to default flow due to incremental criteria not met. If you would like to alter this behaviour and have the flow terminate instead, please set the following parameter config_implementation {autoIncr.Synth.RejectBehavior Terminate}
---------------------------------------------------------------------------------
Finished Constraint Validation : Time (s): cpu = 00:00:24 ; elapsed = 00:00:25 . Memory (MB): peak = 1253.695 ; gain = 1.254
---------------------------------------------------------------------------------
---------------------------------------------------------------------------------
Start Loading Part and Timing Information
---------------------------------------------------------------------------------
Loading part: xc7a35tcpg236-1
---------------------------------------------------------------------------------
Finished Loading Part and Timing Information : Time (s): cpu = 00:00:24 ; elapsed = 00:00:26 . Memory (MB): peak = 1253.695 ; gain = 1.254
---------------------------------------------------------------------------------
---------------------------------------------------------------------------------
Start Applying 'set_property' XDC Constraints
---------------------------------------------------------------------------------
---------------------------------------------------------------------------------
Finished applying 'set_property' XDC Constraints : Time (s): cpu = 00:00:24 ; elapsed = 00:00:26 . Memory (MB): peak = 1253.695 ; gain = 1.254
---------------------------------------------------------------------------------
WARNING: [Synth 8-327] inferring latch for variable 'Seven_Segment_LED_reg' [C:/Xilinx/PROJECTS/PWM/PWM.srcs/sources_1/new/7_Segment_Generator.vhd:178]
---------------------------------------------------------------------------------
Finished RTL Optimization Phase 2 : Time (s): cpu = 00:00:25 ; elapsed = 00:00:27 . Memory (MB): peak = 1253.695 ; gain = 1.254
---------------------------------------------------------------------------------
---------------------------------------------------------------------------------
Start RTL Component Statistics 
---------------------------------------------------------------------------------
Detailed RTL Component Info : 
+---Adders : 
	   2 Input   32 Bit       Adders := 17    
	   2 Input    4 Bit       Adders := 13    
	   2 Input    3 Bit       Adders := 1     
+---Registers : 
	               32 Bit    Registers := 18    
	                1 Bit    Registers := 3     
+---Muxes : 
	   2 Input   32 Bit        Muxes := 18    
	   2 Input   28 Bit        Muxes := 1     
	   4 Input   28 Bit        Muxes := 1     
	   5 Input   28 Bit        Muxes := 1     
	   2 Input   16 Bit        Muxes := 3     
	   2 Input   12 Bit        Muxes := 1     
	   4 Input    7 Bit        Muxes := 1     
	   4 Input    4 Bit        Muxes := 1     
	   5 Input    4 Bit        Muxes := 1     
	   2 Input    4 Bit        Muxes := 8     
	   2 Input    1 Bit        Muxes := 17    
	   3 Input    1 Bit        Muxes := 1     
---------------------------------------------------------------------------------
Finished RTL Component Statistics 
---------------------------------------------------------------------------------
---------------------------------------------------------------------------------
Start Part Resource Summary
---------------------------------------------------------------------------------
Part Resources:
DSPs: 90 (col length:60)
BRAMs: 100 (col length: RAMB18 60 RAMB36 30)
---------------------------------------------------------------------------------
Finished Part Resource Summary
---------------------------------------------------------------------------------
---------------------------------------------------------------------------------
Start Cross Boundary and Area Optimization
---------------------------------------------------------------------------------
WARNING: [Synth 8-7080] Parallel synthesis criteria is not met
---------------------------------------------------------------------------------
Finished Cross Boundary and Area Optimization : Time (s): cpu = 00:00:51 ; elapsed = 00:00:53 . Memory (MB): peak = 1253.695 ; gain = 1.254
---------------------------------------------------------------------------------
---------------------------------------------------------------------------------
Start Applying XDC Timing Constraints
---------------------------------------------------------------------------------
---------------------------------------------------------------------------------
Finished Applying XDC Timing Constraints : Time (s): cpu = 00:01:00 ; elapsed = 00:01:03 . Memory (MB): peak = 1253.695 ; gain = 1.254
---------------------------------------------------------------------------------
---------------------------------------------------------------------------------
Start Timing Optimization
---------------------------------------------------------------------------------
---------------------------------------------------------------------------------
Finished Timing Optimization : Time (s): cpu = 00:01:01 ; elapsed = 00:01:04 . Memory (MB): peak = 1253.695 ; gain = 1.254
---------------------------------------------------------------------------------
---------------------------------------------------------------------------------
Start Technology Mapping
---------------------------------------------------------------------------------
---------------------------------------------------------------------------------
Finished Technology Mapping : Time (s): cpu = 00:01:02 ; elapsed = 00:01:04 . Memory (MB): peak = 1253.695 ; gain = 1.254
---------------------------------------------------------------------------------
---------------------------------------------------------------------------------
Start IO Insertion
---------------------------------------------------------------------------------
---------------------------------------------------------------------------------
Start Flattening Before IO Insertion
---------------------------------------------------------------------------------
---------------------------------------------------------------------------------
Finished Flattening Before IO Insertion
---------------------------------------------------------------------------------
---------------------------------------------------------------------------------
Start Final Netlist Cleanup
---------------------------------------------------------------------------------
---------------------------------------------------------------------------------
Finished Final Netlist Cleanup
---------------------------------------------------------------------------------
---------------------------------------------------------------------------------
Finished IO Insertion : Time (s): cpu = 00:01:10 ; elapsed = 00:01:13 . Memory (MB): peak = 1253.695 ; gain = 1.254
---------------------------------------------------------------------------------
---------------------------------------------------------------------------------
Start Renaming Generated Instances
---------------------------------------------------------------------------------
---------------------------------------------------------------------------------
Finished Renaming Generated Instances : Time (s): cpu = 00:01:10 ; elapsed = 00:01:13 . Memory (MB): peak = 1253.695 ; gain = 1.254
---------------------------------------------------------------------------------
---------------------------------------------------------------------------------
Start Rebuilding User Hierarchy
---------------------------------------------------------------------------------
---------------------------------------------------------------------------------
Finished Rebuilding User Hierarchy : Time (s): cpu = 00:01:10 ; elapsed = 00:01:13 . Memory (MB): peak = 1253.695 ; gain = 1.254
---------------------------------------------------------------------------------
---------------------------------------------------------------------------------
Start Renaming Generated Ports
---------------------------------------------------------------------------------
---------------------------------------------------------------------------------
Finished Renaming Generated Ports : Time (s): cpu = 00:01:10 ; elapsed = 00:01:13 . Memory (MB): peak = 1253.695 ; gain = 1.254
---------------------------------------------------------------------------------
---------------------------------------------------------------------------------
Start Handling Custom Attributes
---------------------------------------------------------------------------------
---------------------------------------------------------------------------------
Finished Handling Custom Attributes : Time (s): cpu = 00:01:10 ; elapsed = 00:01:13 . Memory (MB): peak = 1253.695 ; gain = 1.254
---------------------------------------------------------------------------------
---------------------------------------------------------------------------------
Start Renaming Generated Nets
---------------------------------------------------------------------------------
---------------------------------------------------------------------------------
Finished Renaming Generated Nets : Time (s): cpu = 00:01:10 ; elapsed = 00:01:13 . Memory (MB): peak = 1253.695 ; gain = 1.254
---------------------------------------------------------------------------------
---------------------------------------------------------------------------------
Start Writing Synthesis Report
---------------------------------------------------------------------------------

Report BlackBoxes: 
+-+--------------+----------+
| |BlackBox name |Instances |
+-+--------------+----------+
+-+--------------+----------+

Report Cell Usage: 
+------+-------+------+
|      |Cell   |Count |
+------+-------+------+
|1     |BUFG   |     1|
|2     |CARRY4 |   373|
|3     |LUT1   |    21|
|4     |LUT2   |   118|
|5     |LUT3   |    10|
|6     |LUT4   |   752|
|7     |LUT5   |   121|
|8     |LUT6   |   172|
|9     |FDRE   |  1198|
|10    |FDSE   |     8|
|11    |LD     |     7|
|12    |IBUF   |    16|
|13    |OBUF   |    27|
+------+-------+------+
---------------------------------------------------------------------------------
Finished Writing Synthesis Report : Time (s): cpu = 00:01:10 ; elapsed = 00:01:13 . Memory (MB): peak = 1253.695 ; gain = 1.254
---------------------------------------------------------------------------------
Synthesis finished with 0 errors, 0 critical warnings and 2 warnings.
Synthesis Optimization Runtime : Time (s): cpu = 00:00:54 ; elapsed = 00:01:09 . Memory (MB): peak = 1253.695 ; gain = 0.000
Synthesis Optimization Complete : Time (s): cpu = 00:01:10 ; elapsed = 00:01:13 . Memory (MB): peak = 1253.695 ; gain = 1.254
INFO: [Project 1-571] Translating synthesized netlist
Netlist sorting complete. Time (s): cpu = 00:00:00 ; elapsed = 00:00:00.074 . Memory (MB): peak = 1254.156 ; gain = 0.000
INFO: [Netlist 29-17] Analyzing 380 Unisim elements for replacement
INFO: [Netlist 29-28] Unisim Transformation completed in 0 CPU seconds
INFO: [Project 1-570] Preparing netlist for logic optimization
INFO: [Opt 31-138] Pushed 0 inverter(s) to 0 load pin(s).
Netlist sorting complete. Time (s): cpu = 00:00:00 ; elapsed = 00:00:00.002 . Memory (MB): peak = 1266.477 ; gain = 0.000
INFO: [Project 1-111] Unisim Transformation Summary:
  A total of 7 instances were transformed.
  LD => LDCE: 7 instances

Synth Design complete, checksum: 11533b67
INFO: [Common 17-83] Releasing license: Synthesis
84 Infos, 23 Warnings, 0 Critical Warnings and 0 Errors encountered.
synth_design completed successfully
synth_design: Time (s): cpu = 00:01:19 ; elapsed = 00:01:25 . Memory (MB): peak = 1266.477 ; gain = 14.035
INFO: [Common 17-1381] The checkpoint 'C:/Xilinx/PROJECTS/PWM/PWM.runs/synth_1/TOP_LEVEL.dcp' has been generated.
INFO: [runtcl-4] Executing : report_utilization -file TOP_LEVEL_utilization_synth.rpt -pb TOP_LEVEL_utilization_synth.pb
INFO: [Common 17-206] Exiting Vivado at Tue May 24 11:17:17 2022...
