INFO: [VRFC 10-163] Analyzing VHDL file "C:/Xilinx/PROJECTS/PWM/PWM.sim/sim_1/impl/func/xsim/TOP_LEVEL_func_impl.vhd" into library xil_defaultlib
INFO: [VRFC 10-3107] analyzing entity 'Counter'
INFO: [VRFC 10-3107] analyzing entity 'LED_MUX'
INFO: [VRFC 10-3107] analyzing entity 'LED_MUX_15'
INFO: [VRFC 10-3107] analyzing entity 'LED_MUX_16'
INFO: [VRFC 10-3107] analyzing entity 'LED_MUX_17'
INFO: [VRFC 10-3107] analyzing entity 'LED_MUX_18'
INFO: [VRFC 10-3107] analyzing entity 'LED_MUX_19'
INFO: [VRFC 10-3107] analyzing entity 'LED_MUX_20'
INFO: [VRFC 10-3107] analyzing entity 'LED_MUX_21'
INFO: [VRFC 10-3107] analyzing entity 'LED_MUX_22'
INFO: [VRFC 10-3107] analyzing entity 'LED_MUX_23'
INFO: [VRFC 10-3107] analyzing entity 'LED_MUX_24'
INFO: [VRFC 10-3107] analyzing entity 'LED_MUX_25'
INFO: [VRFC 10-3107] analyzing entity 'LED_MUX_26'
INFO: [VRFC 10-3107] analyzing entity 'LED_MUX_27'
INFO: [VRFC 10-3107] analyzing entity 'LED_MUX_28'
INFO: [VRFC 10-3107] analyzing entity 'LED_MUX_29'
INFO: [VRFC 10-3107] analyzing entity 'Seven_Segment_Counter'
INFO: [VRFC 10-3107] analyzing entity 'Test_Counter'
INFO: [VRFC 10-3107] analyzing entity 'Test_Counter_0'
INFO: [VRFC 10-3107] analyzing entity 'Test_Counter_1'
INFO: [VRFC 10-3107] analyzing entity 'Test_Counter_10'
INFO: [VRFC 10-3107] analyzing entity 'Test_Counter_11'
INFO: [VRFC 10-3107] analyzing entity 'Test_Counter_12'
INFO: [VRFC 10-3107] analyzing entity 'Test_Counter_13'
INFO: [VRFC 10-3107] analyzing entity 'Test_Counter_14'
INFO: [VRFC 10-3107] analyzing entity 'Test_Counter_2'
INFO: [VRFC 10-3107] analyzing entity 'Test_Counter_3'
INFO: [VRFC 10-3107] analyzing entity 'Test_Counter_4'
INFO: [VRFC 10-3107] analyzing entity 'Test_Counter_5'
INFO: [VRFC 10-3107] analyzing entity 'Test_Counter_6'
INFO: [VRFC 10-3107] analyzing entity 'Test_Counter_7'
INFO: [VRFC 10-3107] analyzing entity 'Test_Counter_8'
INFO: [VRFC 10-3107] analyzing entity 'Test_Counter_9'
INFO: [VRFC 10-3107] analyzing entity 'PWM_Generator'
INFO: [VRFC 10-3107] analyzing entity 'Seven_Segment_Generator'
INFO: [VRFC 10-3107] analyzing entity 'TOP_LEVEL'
